<?xml version="1.0" encoding="UTF-8"?>
<!-- Generated by org.testng.reporters.JUnitReportReporter -->
<testsuite name="testCode.DemoTestDataProvider" tests="2" time="0.025" ignored="0" failures="0" timestamp="27 May 2018 16:53:36 GMT" skipped="0" hostname="DESKTOP-R0QK2O8" errors="0">
  <testcase name="printTestData" time="0.021" classname="testCode.DemoTestDataProvider"/>
  <testcase name="printTestData" time="0.004" classname="testCode.DemoTestDataProvider"/>
</testsuite> <!-- testCode.DemoTestDataProvider -->
