<?xml version="1.0" encoding="UTF-8"?>
<!-- Generated by org.testng.reporters.JUnitReportReporter -->
<testsuite name="com.mercuryTravel.testcases.MercuryTravelHomePagesTests" tests="1" time="2.337" ignored="0" failures="0" timestamp="26 May 2018 17:30:59 GMT" skipped="0" hostname="DESKTOP-R0QK2O8" errors="0">
  <testcase name="verifyUserLoginWithCorrectCredentials" time="2.337" classname="com.mercuryTravel.testcases.MercuryTravelHomePagesTests"/>
</testsuite> <!-- com.mercuryTravel.testcases.MercuryTravelHomePagesTests -->
