<?xml version="1.0" encoding="UTF-8"?>
<!-- Generated by org.testng.reporters.JUnitReportReporter -->
<testsuite skipped="0" hostname="DESKTOP-R0QK2O8" name="day6.TestNGTestcases" tests="2" failures="0" timestamp="30 May 2018 10:20:30 GMT" time="0.022" errors="0">
  <testcase name="testcase2" time="0.003" classname="day6.TestNGTestcases"/>
  <testcase name="testcase1" time="0.019" classname="day6.TestNGTestcases"/>
</testsuite> <!-- day6.TestNGTestcases -->
