<?xml version="1.0" encoding="UTF-8"?>
<!-- Generated by org.testng.reporters.JUnitReportReporter -->
<testsuite skipped="0" hostname="DESKTOP-R0QK2O8" name="day13.TestNGTesting" tests="2" failures="0" timestamp="10 Jun 2018 04:03:35 GMT" time="0.012" errors="0">
  <testcase name="testcase5" time="0.009" classname="day13.TestNGTesting"/>
  <testcase name="testcase6" time="0.003" classname="day13.TestNGTesting"/>
</testsuite> <!-- day13.TestNGTesting -->
