<?xml version="1.0" encoding="UTF-8"?>
<!-- Generated by org.testng.reporters.JUnitReportReporter -->
<testsuite skipped="0" hostname="DESKTOP-R0QK2O8" name="day13.Guru99Project" tests="4" failures="0" timestamp="10 Jun 2018 04:51:26 GMT" time="3.544" errors="0">
  <testcase name="verifyTitleOfGuru99LoginPage" time="0.022" classname="day13.Guru99Project"/>
  <testcase name="verifyTitleOfGuru99LoginPage" time="0.024" classname="day13.Guru99Project"/>
  <testcase name="loginToGuru99" time="1.761" classname="day13.Guru99Project"/>
  <testcase name="loginToGuru99" time="1.737" classname="day13.Guru99Project"/>
</testsuite> <!-- day13.Guru99Project -->
