<?xml version="1.0" encoding="UTF-8"?>
<!-- Generated by org.testng.reporters.JUnitReportReporter -->
<testsuite skipped="1" hostname="DESKTOP-R0QK2O8" name="day12.testng.TestNGTesting" tests="3" failures="0" timestamp="10 Jun 2018 04:03:35 GMT" time="0.009" errors="0">
  <testcase name="testcase1" time="0.004" classname="day12.testng.TestNGTesting"/>
  <testcase name="testcase6" time="0.005" classname="day12.testng.TestNGTesting"/>
  <testcase name="testcase3" classname="day12.testng.TestNGTesting">
    <skipped/>
  </testcase> <!-- testcase3 -->
</testsuite> <!-- day12.testng.TestNGTesting -->
