<?xml version="1.0" encoding="UTF-8"?>
<!-- Generated by org.testng.reporters.JUnitReportReporter -->
<testsuite skipped="0" hostname="DESKTOP-R0QK2O8" name="day12.testng.ExpectedConditionsExample" tests="1" failures="0" timestamp="10 Jun 2018 03:55:28 GMT" time="0.003" errors="0">
  <testcase name="testcase1" time="0.003" classname="day12.testng.ExpectedConditionsExample"/>
</testsuite> <!-- day12.testng.ExpectedConditionsExample -->
